<?xml version="1.0" encoding="UTF-8"?>
<!-- Generated by org.testng.reporters.JUnitXMLReporter -->
<testsuite hostname="Mohammeds-MacBook-Pro.local" ignored="0" name="Test" tests="3" failures="0" timestamp="2020-12-13T23:52:20 EET" time="0.086" errors="0">
  <testcase name="@BeforeTest setupEnviroment" time="-1.607896335451E9" classname="test.CreateEvent">
    <failure type="org.testng.TestNGException" message="
Parameter &amp;apos;browser&amp;apos; is required by BeforeTest on method setupEnviroment but has not been marked @Optional or defined
in /Users/mohammedyehia/Desktop/IBM 2020/Automation 2020/Selenium Workspace/CreateEvent/testng.xml">
      <![CDATA[org.testng.TestNGException: 
Parameter 'browser' is required by BeforeTest on method setupEnviroment but has not been marked @Optional or defined
in /Users/mohammedyehia/Desktop/IBM 2020/Automation 2020/Selenium Workspace/CreateEvent/testng.xml
... Removed 21 stack frames]]>
    </failure>
  </testcase> <!-- @BeforeTest setupEnviroment -->
  <testcase name="@AfterMethod tearDown" time="-1.607896335498E9" classname="test.CreateEvent">
    <skipped/>
  </testcase> <!-- @AfterMethod tearDown -->
  <testcase name="@AfterMethod tearDown" time="-1.607896335514E9" classname="test.CreateEvent">
    <skipped/>
  </testcase> <!-- @AfterMethod tearDown -->
  <testcase name="@AfterMethod tearDown" time="-1.607896335525E9" classname="test.CreateEvent">
    <skipped/>
  </testcase> <!-- @AfterMethod tearDown -->
  <testcase name="@AfterTest tearDown" time="-1.607896335531E9" classname="test.CreateEvent">
    <skipped/>
  </testcase> <!-- @AfterTest tearDown -->
  <testcase name="login" time="0.0" classname="test.CreateEvent">
    <skipped/>
  </testcase> <!-- login -->
  <testcase name="selectKidsPlaceCalender" time="0.0" classname="test.CreateEvent">
    <skipped/>
  </testcase> <!-- selectKidsPlaceCalender -->
  <testcase name="createEvent" time="0.0" classname="test.CreateEvent">
    <skipped/>
  </testcase> <!-- createEvent -->
</testsuite> <!-- Test -->
