<?xml version="1.0" encoding="UTF-8"?>
<!-- Generated by org.testng.reporters.JUnitReportReporter -->
<testsuite skipped="3" hostname="Mohammeds-MacBook-Pro.local" name="CreateEvent" tests="4" failures="0" timestamp="2020-12-13T23:18:13 EET" time="-1607894272.000" errors="1">
  <testcase name="setupEnviroment" time="-1607894272.000" classname="CreateEvent">
    <error type="org.testng.TestNGException" message="
Parameter &#039;browser&#039; is required by BeforeTest on method setupEnviroment but has not been marked @Optional or defined
in /private/var/folders/hq/wlc7gprs6rn4wrd5yw9gt89w0000gn/T/testng-eclipse--1287098398/testng-customsuite.xml">
      <![CDATA[org.testng.TestNGException: 
Parameter 'browser' is required by BeforeTest on method setupEnviroment but has not been marked @Optional or defined
in /private/var/folders/hq/wlc7gprs6rn4wrd5yw9gt89w0000gn/T/testng-eclipse--1287098398/testng-customsuite.xml
at org.testng.internal.Parameters.createParams(Parameters.java:268)
at org.testng.internal.Parameters.createParametersForMethod(Parameters.java:356)
at org.testng.internal.Parameters.createParameters(Parameters.java:700)
at org.testng.internal.Parameters.createConfigurationParameters(Parameters.java:166)
at org.testng.internal.ConfigInvoker.invokeConfigurations(ConfigInvoker.java:301)
at org.testng.TestRunner.invokeTestConfigurations(TestRunner.java:617)
at org.testng.TestRunner.beforeRun(TestRunner.java:607)
at org.testng.TestRunner.run(TestRunner.java:578)
at org.testng.SuiteRunner.runTest(SuiteRunner.java:384)
at org.testng.SuiteRunner.runSequentially(SuiteRunner.java:378)
at org.testng.SuiteRunner.privateRun(SuiteRunner.java:337)
at org.testng.SuiteRunner.run(SuiteRunner.java:286)
at org.testng.SuiteRunnerWorker.runSuite(SuiteRunnerWorker.java:53)
at org.testng.SuiteRunnerWorker.run(SuiteRunnerWorker.java:96)
at org.testng.TestNG.runSuitesSequentially(TestNG.java:1218)
at org.testng.TestNG.runSuitesLocally(TestNG.java:1140)
at org.testng.TestNG.runSuites(TestNG.java:1069)
at org.testng.TestNG.run(TestNG.java:1037)
at org.testng.remote.AbstractRemoteTestNG.run(AbstractRemoteTestNG.java:115)
at org.testng.remote.RemoteTestNG.initAndRun(RemoteTestNG.java:251)
at org.testng.remote.RemoteTestNG.main(RemoteTestNG.java:77)
]]>
    </error>
  </testcase> <!-- setupEnviroment -->
  <system-out/>
  <testcase name="login" time="0.000" classname="CreateEvent">
    <skipped/>
  </testcase> <!-- login -->
  <system-out/>
  <testcase name="selectKidsPlaceCalender" time="0.000" classname="CreateEvent">
    <skipped/>
  </testcase> <!-- selectKidsPlaceCalender -->
  <system-out/>
  <testcase name="createEvent" time="0.000" classname="CreateEvent">
    <skipped/>
  </testcase> <!-- createEvent -->
  <system-out/>
</testsuite> <!-- CreateEvent -->
